This file contains any messages produced by compilers while
running configure, to aid debugging if configure makes a mistake.

It was created by coronos configure 0.01, which was
generated by GNU Autoconf 2.63.  Invocation command line was

  $ ./configure 

## --------- ##
## Platform. ##
## --------- ##

hostname = pacman3
uname -m = x86_64
uname -r = 2.6.32-431.29.2.el6.x86_64
uname -s = Linux
uname -v = #1 SMP Sun Jul 27 15:55:46 EDT 2014

/usr/bin/uname -p = unknown
/bin/uname -X     = unknown

/bin/arch              = x86_64
/usr/bin/arch -k       = unknown
/usr/convex/getsysinfo = unknown
/usr/bin/hostinfo      = unknown
/bin/machine           = unknown
/usr/bin/oslevel       = unknown
/bin/universe          = unknown

PATH: /usr/local/pkg/netcdf/netcdf-4.3.0.pgi-13.4/bin
PATH: /usr/local/pkg/openmpi/openmpi-1.4.3.pgi-13.4/bin
PATH: /usr/local/pkg/pgi/pgi-13.4/linux86-64/13.4/bin
PATH: /usr/local/bin
PATH: /bin
PATH: /usr/bin
PATH: /usr/local/sbin
PATH: /usr/sbin
PATH: /sbin
PATH: /usr/local/pgi/bin


## ----------- ##
## Core tests. ##
## ----------- ##

configure:1898: checking for a BSD-compatible install
configure:1966: result: /usr/bin/install -c
configure:1977: checking whether build environment is sane
configure:2037: result: yes
configure:2178: checking for a thread-safe mkdir -p
configure:2217: result: /bin/mkdir -p
configure:2230: checking for gawk
configure:2246: found /bin/gawk
configure:2257: result: gawk
configure:2268: checking whether make sets $(MAKE)
configure:2290: result: yes
configure:2379: checking architecture
configure:2391: result: x86_64
configure:2482: checking for mpiCC
configure:2498: found /usr/local/pkg/openmpi/openmpi-1.4.3.pgi-13.4/bin/mpiCC
configure:2509: result: mpiCC
configure:2536: checking for C++ compiler version
configure:2544: mpiCC --version >&5

pgCC 13.4-0 64-bit target on x86-64 Linux -tp istanbul 
Copyright 1989-2000, The Portland Group, Inc.  All Rights Reserved.
Copyright 2000-2013, STMicroelectronics, Inc.  All Rights Reserved.
configure:2548: $? = 0
configure:2555: mpiCC -v >&5
pgCC-Warning-No files to process

configure:2559: $? = 0
configure:2566: mpiCC -V >&5

pgCC 13.4-0 64-bit target on x86-64 Linux -tp istanbul 
Copyright 1989-2000, The Portland Group, Inc.  All Rights Reserved.
Copyright 2000-2013, STMicroelectronics, Inc.  All Rights Reserved.
configure:2570: $? = 0
configure:2593: checking for C++ compiler default output file name
configure:2615: mpiCC    conftest.cpp  >&5
configure:2619: $? = 0
configure:2657: result: a.out
configure:2676: checking whether the C++ compiler works
configure:2686: ./a.out
configure:2690: $? = 0
configure:2709: result: yes
configure:2716: checking whether we are cross compiling
configure:2718: result: no
configure:2721: checking for suffix of executables
configure:2728: mpiCC -o conftest    conftest.cpp  >&5
configure:2732: $? = 0
configure:2758: result: 
configure:2764: checking for suffix of object files
configure:2790: mpiCC -c   conftest.cpp >&5
configure:2794: $? = 0
configure:2819: result: o
configure:2823: checking whether we are using the GNU C++ compiler
configure:2852: mpiCC -c   conftest.cpp >&5
"conftest.cpp", line 16: error: identifier "choke" is undefined
         choke me
         ^

1 error detected in the compilation of "conftest.cpp".
configure:2859: $? = 2
configure: failed program was:
| /* confdefs.h.  */
| #define PACKAGE_NAME "coronos"
| #define PACKAGE_TARNAME "coronos"
| #define PACKAGE_VERSION "0.01"
| #define PACKAGE_STRING "coronos 0.01"
| #define PACKAGE_BUGREPORT "tdennis10@alaska.edu"
| #define PACKAGE "coronos"
| #define VERSION "0.01"
| #define OD_PRECISION_H 1
| /* end confdefs.h.  */
| 
| int
| main ()
| {
| #ifndef __GNUC__
|        choke me
| #endif
| 
|   ;
|   return 0;
| }
configure:2876: result: no
configure:2885: checking whether mpiCC accepts -g
configure:2915: mpiCC -c -g  conftest.cpp >&5
configure:2922: $? = 0
configure:3023: result: yes
configure:3057: checking for style of include used by make
configure:3085: result: GNU
configure:3110: checking dependency style of mpiCC
configure:3220: result: none
configure:3235: result: mpiCC CC gcc
configure:3292: checking for mpicc
configure:3308: found /usr/local/pkg/openmpi/openmpi-1.4.3.pgi-13.4/bin/mpicc
configure:3319: result: mpicc
configure:3353: checking for C compiler version
configure:3361: mpicc --version >&5

pgcc 13.4-0 64-bit target on x86-64 Linux -tp istanbul 
Copyright 1989-2000, The Portland Group, Inc.  All Rights Reserved.
Copyright 2000-2013, STMicroelectronics, Inc.  All Rights Reserved.
configure:3365: $? = 0
configure:3372: mpicc -v >&5
pgcc-Warning-No files to process

configure:3376: $? = 0
configure:3383: mpicc -V >&5

pgcc 13.4-0 64-bit target on x86-64 Linux -tp istanbul 
Copyright 1989-2000, The Portland Group, Inc.  All Rights Reserved.
Copyright 2000-2013, STMicroelectronics, Inc.  All Rights Reserved.
configure:3387: $? = 0
configure:3390: checking whether we are using the GNU C compiler
configure:3419: mpicc -c   conftest.c >&5
PGC-S-0040-Illegal use of symbol, choke (conftest.c: 16)
PGC-W-0156-Type not specified, 'int' assumed (conftest.c: 16)
PGC/x86-64 Linux 13.4-0: compilation completed with severe errors
configure:3426: $? = 2
configure: failed program was:
| /* confdefs.h.  */
| #define PACKAGE_NAME "coronos"
| #define PACKAGE_TARNAME "coronos"
| #define PACKAGE_VERSION "0.01"
| #define PACKAGE_STRING "coronos 0.01"
| #define PACKAGE_BUGREPORT "tdennis10@alaska.edu"
| #define PACKAGE "coronos"
| #define VERSION "0.01"
| #define OD_PRECISION_H 1
| /* end confdefs.h.  */
| 
| int
| main ()
| {
| #ifndef __GNUC__
|        choke me
| #endif
| 
|   ;
|   return 0;
| }
configure:3443: result: no
configure:3452: checking whether mpicc accepts -g
configure:3482: mpicc -c -g  conftest.c >&5
configure:3489: $? = 0
configure:3590: result: yes
configure:3607: checking for mpicc option to accept ISO C89
configure:3681: mpicc  -c -g  conftest.c >&5
PGC-W-0261-no macro replacement within a character constant (conftest.c: 45)
PGC/x86-64 Linux 13.4-0: compilation completed with warnings
configure:3688: $? = 0
configure:3711: result: none needed
configure:3731: checking dependency style of mpicc
configure:3841: result: none
configure:3856: result:  mpicc cc  gcc
configure:4838: checking whether FFTW_PATH is set
configure:4848: result: no
configure:4850: WARNING: FFTW_PATH not set
configure:4853: checking if FFTW is available
configure:4958: FFTW_PATH set to /usr/local/pkg/fftw/fftw-3.3.3.pgi-13.4
configure:4990: checking /usr/local/pkg/fftw/fftw-3.3.3.pgi-13.4/include/fftw3.h usability
configure:5007: mpicc -c -g  conftest.c >&5
configure:5014: $? = 0
configure:5028: result: yes
configure:5032: checking /usr/local/pkg/fftw/fftw-3.3.3.pgi-13.4/include/fftw3.h presence
configure:5047:   conftest.c
./configure: line 5049: conftest.c: command not found
configure:5054: $? = 127
configure: failed program was:
| /* confdefs.h.  */
| #define PACKAGE_NAME "coronos"
| #define PACKAGE_TARNAME "coronos"
| #define PACKAGE_VERSION "0.01"
| #define PACKAGE_STRING "coronos 0.01"
| #define PACKAGE_BUGREPORT "tdennis10@alaska.edu"
| #define PACKAGE "coronos"
| #define VERSION "0.01"
| #define OD_PRECISION_H 1
| #define DONT_HAVE_CUDA_H 1
| /* end confdefs.h.  */
| #include </usr/local/pkg/fftw/fftw-3.3.3.pgi-13.4/include/fftw3.h>
configure:5068: result: no
configure:5074: WARNING: /usr/local/pkg/fftw/fftw-3.3.3.pgi-13.4/include/fftw3.h: accepted by the compiler, rejected by the preprocessor!
configure:5076: WARNING: /usr/local/pkg/fftw/fftw-3.3.3.pgi-13.4/include/fftw3.h: proceeding with the compiler's result
configure:5101: checking for /usr/local/pkg/fftw/fftw-3.3.3.pgi-13.4/include/fftw3.h
configure:5110: result: yes
configure:5121: please disregard the superfluous warning above regarding rejection by the pre-processor.
configure:5358: creating ./config.status

## ---------------------- ##
## Running config.status. ##
## ---------------------- ##

This file was extended by coronos config.status 0.01, which was
generated by GNU Autoconf 2.63.  Invocation command line was

  CONFIG_FILES    = 
  CONFIG_HEADERS  = 
  CONFIG_LINKS    = 
  CONFIG_COMMANDS = 
  $ ./config.status 

on pacman3

config.status:779: creating Makefile
config.status:779: creating src/Makefile
config.status:779: creating config.h
config.status:1001: config.h is unchanged
config.status:1053: executing depfiles commands

## ---------------- ##
## Cache variables. ##
## ---------------- ##

ac_cv_c_compiler_gnu=no
ac_cv_cxx_compiler_gnu=no
ac_cv_env_CCC_set=
ac_cv_env_CCC_value=
ac_cv_env_CC_set=
ac_cv_env_CC_value=
ac_cv_env_CFLAGS_set=
ac_cv_env_CFLAGS_value=
ac_cv_env_CPPFLAGS_set=
ac_cv_env_CPPFLAGS_value=
ac_cv_env_CPP_set=
ac_cv_env_CPP_value=
ac_cv_env_CXXFLAGS_set=
ac_cv_env_CXXFLAGS_value=
ac_cv_env_CXX_set=
ac_cv_env_CXX_value=
ac_cv_env_LDFLAGS_set=
ac_cv_env_LDFLAGS_value=
ac_cv_env_LIBS_set=
ac_cv_env_LIBS_value=
ac_cv_env_build_alias_set=
ac_cv_env_build_alias_value=
ac_cv_env_host_alias_set=
ac_cv_env_host_alias_value=
ac_cv_env_target_alias_set=
ac_cv_env_target_alias_value=
ac_cv_header__usr_local_pkg_fftw_fftw_3_3_3_pgi_13_4_include_fftw3_h=yes
ac_cv_objext=o
ac_cv_path_install='/usr/bin/install -c'
ac_cv_path_mkdir=/bin/mkdir
ac_cv_prog_AWK=gawk
ac_cv_prog_ac_ct_CC=mpicc
ac_cv_prog_ac_ct_CXX=mpiCC
ac_cv_prog_cc_c89=
ac_cv_prog_cc_g=yes
ac_cv_prog_cxx_g=yes
ac_cv_prog_make_make_set=yes
am_cv_CC_dependencies_compiler_type=none
am_cv_CXX_dependencies_compiler_type=none

## ----------------- ##
## Output variables. ##
## ----------------- ##

ACLOCAL='${SHELL} /center/w/tdennis10/dev/coronos/missing --run aclocal-1.11'
AMDEPBACKSLASH='\'
AMDEP_FALSE='#'
AMDEP_TRUE=''
AMTAR='${SHELL} /center/w/tdennis10/dev/coronos/missing --run tar'
AUTOCONF='${SHELL} /center/w/tdennis10/dev/coronos/missing --run autoconf'
AUTOHEADER='${SHELL} /center/w/tdennis10/dev/coronos/missing --run autoheader'
AUTOMAKE='${SHELL} /center/w/tdennis10/dev/coronos/missing --run automake-1.11'
AWK='gawk'
CC='mpicc'
CCDEPMODE='depmode=none'
CFLAGS='-g'
CPP=''
CPPFLAGS=''
CRS_CPPFLAGS=' -I.. -I/usr/local/pkg/fftw/fftw-3.3.3.pgi-13.4/include '
CRS_LDFLAGS=' -L/usr/local/pkg/fftw/fftw-3.3.3.pgi-13.4/lib'
CRS_LIBS=' -lfftw3 -lm '
CRS_NVCC=''
CUDA_FALSE=''
CUDA_TRUE='#'
CXX='mpiCC'
CXXDEPMODE='depmode=none'
CXXFLAGS='-g'
CYGPATH_W='echo'
DEFS='-DHAVE_CONFIG_H'
DEPDIR='.deps'
ECHO_C=''
ECHO_N='-n'
ECHO_T=''
EGREP=''
EXEEXT=''
GREP=''
INCMPI=''
INSTALL_DATA='${INSTALL} -m 644'
INSTALL_PROGRAM='${INSTALL}'
INSTALL_SCRIPT='${INSTALL}'
INSTALL_STRIP_PROGRAM='$(install_sh) -c -s'
LDFLAGS=''
LIBOBJS=''
LIBS=''
LTLIBOBJS=''
MAKEINFO='${SHELL} /center/w/tdennis10/dev/coronos/missing --run makeinfo'
MKDIR_P='/bin/mkdir -p'
NVCC=''
OBJEXT='o'
PACKAGE='coronos'
PACKAGE_BUGREPORT='tdennis10@alaska.edu'
PACKAGE_NAME='coronos'
PACKAGE_STRING='coronos 0.01'
PACKAGE_TARNAME='coronos'
PACKAGE_VERSION='0.01'
PATH_SEPARATOR=':'
SET_MAKE=''
SHELL='/bin/sh'
STRIP=''
VERSION='0.01'
ac_ct_CC='mpicc'
ac_ct_CXX='mpiCC'
am__EXEEXT_FALSE=''
am__EXEEXT_TRUE='#'
am__fastdepCC_FALSE=''
am__fastdepCC_TRUE='#'
am__fastdepCXX_FALSE=''
am__fastdepCXX_TRUE='#'
am__include='include'
am__isrc=''
am__leading_dot='.'
am__quote=''
am__tar='${AMTAR} chof - "$$tardir"'
am__untar='${AMTAR} xf -'
bindir='${exec_prefix}/bin'
build_alias=''
datadir='${datarootdir}'
datarootdir='${prefix}/share'
docdir='${datarootdir}/doc/${PACKAGE_TARNAME}'
dvidir='${docdir}'
exec_prefix='${prefix}'
host_alias=''
htmldir='${docdir}'
includedir='${prefix}/include'
infodir='${datarootdir}/info'
install_sh='${SHELL} /center/w/tdennis10/dev/coronos/install-sh'
libdir='${exec_prefix}/lib'
libexecdir='${exec_prefix}/libexec'
localedir='${datarootdir}/locale'
localstatedir='${prefix}/var'
mandir='${datarootdir}/man'
mkdir_p='/bin/mkdir -p'
oldincludedir='/usr/include'
pdfdir='${docdir}'
prefix='/usr/local'
program_transform_name='s,x,x,'
psdir='${docdir}'
sbindir='${exec_prefix}/sbin'
sharedstatedir='${prefix}/com'
sysconfdir='${prefix}/etc'
target_alias=''

## ----------- ##
## confdefs.h. ##
## ----------- ##

#define PACKAGE_NAME "coronos"
#define PACKAGE_TARNAME "coronos"
#define PACKAGE_VERSION "0.01"
#define PACKAGE_STRING "coronos 0.01"
#define PACKAGE_BUGREPORT "tdennis10@alaska.edu"
#define PACKAGE "coronos"
#define VERSION "0.01"
#define OD_PRECISION_H 1
#define DONT_HAVE_CUDA_H 1
#define HAVE__USR_LOCAL_PKG_FFTW_FFTW_3_3_3_PGI_13_4_INCLUDE_FFTW3_H 1

configure: exit 0
